09-Dec-2023 13:56:28.159 INFO [main] org.apache.catalina.startup.VersionLoggerListener.log Server version name:   Apache Tomcat/9.0.83
09-Dec-2023 13:56:28.163 INFO [main] org.apache.catalina.startup.VersionLoggerListener.log Server built:          Nov 9 2023 20:57:42 UTC
09-Dec-2023 13:56:28.163 INFO [main] org.apache.catalina.startup.VersionLoggerListener.log Server version number: 9.0.83.0
09-Dec-2023 13:56:28.164 INFO [main] org.apache.catalina.startup.VersionLoggerListener.log OS Name:               Windows 11
09-Dec-2023 13:56:28.164 INFO [main] org.apache.catalina.startup.VersionLoggerListener.log OS Version:            10.0
09-Dec-2023 13:56:28.164 INFO [main] org.apache.catalina.startup.VersionLoggerListener.log Architecture:          amd64
09-Dec-2023 13:56:28.164 INFO [main] org.apache.catalina.startup.VersionLoggerListener.log Java Home:             C:\Program Files\Java\jdk-21
09-Dec-2023 13:56:28.164 INFO [main] org.apache.catalina.startup.VersionLoggerListener.log JVM Version:           21.0.1+12-LTS-29
09-Dec-2023 13:56:28.164 INFO [main] org.apache.catalina.startup.VersionLoggerListener.log JVM Vendor:            Oracle Corporation
09-Dec-2023 13:56:28.164 INFO [main] org.apache.catalina.startup.VersionLoggerListener.log CATALINA_BASE:         D:\University\3rd_year\1st_term\Distributed System Programming\Project Assignments\T3 - REST API Primes\T3\primes-api
09-Dec-2023 13:56:28.164 INFO [main] org.apache.catalina.startup.VersionLoggerListener.log CATALINA_HOME:         D:\University\3rd_year\1st_term\Distributed System Programming\Project)))))\apache-tomcat-9.0.83-windows-x64\apache-tomcat-9.0.83
09-Dec-2023 13:56:28.174 INFO [main] org.apache.catalina.startup.VersionLoggerListener.log Command line argument: --add-opens=java.base/java.lang=ALL-UNNAMED
09-Dec-2023 13:56:28.175 INFO [main] org.apache.catalina.startup.VersionLoggerListener.log Command line argument: --add-opens=java.base/java.io=ALL-UNNAMED
09-Dec-2023 13:56:28.175 INFO [main] org.apache.catalina.startup.VersionLoggerListener.log Command line argument: --add-opens=java.base/java.util=ALL-UNNAMED
09-Dec-2023 13:56:28.175 INFO [main] org.apache.catalina.startup.VersionLoggerListener.log Command line argument: --add-opens=java.base/java.util.concurrent=ALL-UNNAMED
09-Dec-2023 13:56:28.175 INFO [main] org.apache.catalina.startup.VersionLoggerListener.log Command line argument: --add-opens=java.rmi/sun.rmi.transport=ALL-UNNAMED
09-Dec-2023 13:56:28.175 INFO [main] org.apache.catalina.startup.VersionLoggerListener.log Command line argument: -Dcatalina.home=D:\University\3rd_year\1st_term\Distributed System Programming\Project)))))\apache-tomcat-9.0.83-windows-x64\apache-tomcat-9.0.83
09-Dec-2023 13:56:28.175 INFO [main] org.apache.catalina.startup.VersionLoggerListener.log Command line argument: -Dcatalina.base=D:\University\3rd_year\1st_term\Distributed System Programming\Project Assignments\T3 - REST API Primes\T3\primes-api
09-Dec-2023 13:56:28.175 INFO [main] org.apache.catalina.startup.VersionLoggerListener.log Command line argument: -Djava.io.tmpdir=D:\University\3rd_year\1st_term\Distributed System Programming\Project Assignments\T3 - REST API Primes\T3\primes-api\temp
09-Dec-2023 13:56:28.175 INFO [main] org.apache.catalina.startup.VersionLoggerListener.log Command line argument: -Djava.util.logging.config.file=D:\University\3rd_year\1st_term\Distributed System Programming\Project Assignments\T3 - REST API Primes\T3\primes-api\conf\logging.properties
09-Dec-2023 13:56:28.175 INFO [main] org.apache.catalina.startup.VersionLoggerListener.log Command line argument: -Djava.util.logging.manager=org.apache.juli.ClassLoaderLogManager
09-Dec-2023 13:56:28.176 INFO [main] org.apache.catalina.startup.VersionLoggerListener.log Command line argument: -javaagent:C:\Program Files\JetBrains\IntelliJ IDEA 2023.2.5\lib\idea_rt.jar=51698:C:\Program Files\JetBrains\IntelliJ IDEA 2023.2.5\bin
09-Dec-2023 13:56:28.176 INFO [main] org.apache.catalina.startup.VersionLoggerListener.log Command line argument: -Dfile.encoding=UTF-8
09-Dec-2023 13:56:28.176 INFO [main] org.apache.catalina.startup.VersionLoggerListener.log Command line argument: -Dsun.stdout.encoding=UTF-8
09-Dec-2023 13:56:28.176 INFO [main] org.apache.catalina.startup.VersionLoggerListener.log Command line argument: -Dsun.stderr.encoding=UTF-8
09-Dec-2023 13:56:28.181 INFO [main] org.apache.catalina.core.AprLifecycleListener.lifecycleEvent Loaded Apache Tomcat Native library [1.2.39] using APR version [1.7.4].
09-Dec-2023 13:56:28.182 INFO [main] org.apache.catalina.core.AprLifecycleListener.lifecycleEvent APR capabilities: IPv6 [true], sendfile [true], accept filters [false], random [true], UDS [true].
09-Dec-2023 13:56:28.182 INFO [main] org.apache.catalina.core.AprLifecycleListener.lifecycleEvent APR/OpenSSL configuration: useAprConnector [false], useOpenSSL [true]
09-Dec-2023 13:56:28.192 INFO [main] org.apache.catalina.core.AprLifecycleListener.initializeSSL OpenSSL successfully initialized [OpenSSL 3.0.11 19 Sep 2023]
09-Dec-2023 13:56:28.941 INFO [main] org.apache.coyote.AbstractProtocol.init Initializing ProtocolHandler ["http-nio-8081"]
09-Dec-2023 13:56:29.035 INFO [main] org.apache.catalina.startup.Catalina.load Server initialization in [1072] milliseconds
09-Dec-2023 13:56:29.113 INFO [main] org.apache.catalina.core.StandardService.startInternal Starting service [Catalina]
09-Dec-2023 13:56:29.114 INFO [main] org.apache.catalina.core.StandardEngine.startInternal Starting Servlet engine: [Apache Tomcat/9.0.83]
09-Dec-2023 13:56:29.127 INFO [main] org.apache.catalina.startup.HostConfig.deployDescriptor Deploying deployment descriptor [D:\University\3rd_year\1st_term\Distributed System Programming\Project Assignments\T3 - REST API Primes\T3\primes-api\conf\Catalina\localhost\primes-api.xml]
09-Dec-2023 13:56:31.094 INFO [main] org.apache.jasper.servlet.TldScanner.scanJars At least one JAR was scanned for TLDs yet contained no TLDs. Enable debug logging for this logger for a complete list of JARs that were scanned but no TLDs were found in them. Skipping unneeded JARs during scanning can improve startup time and JSP compilation time.
09-Dec-2023 13:56:31.551 INFO [main] org.glassfish.jersey.server.ApplicationHandler.initialize Initiating Jersey application, version Jersey: 2.6 2014-02-18 21:52:53...
09-Dec-2023 13:56:31.969 INFO [main] org.apache.catalina.startup.HostConfig.deployDescriptor Deployment of deployment descriptor [D:\University\3rd_year\1st_term\Distributed System Programming\Project Assignments\T3 - REST API Primes\T3\primes-api\conf\Catalina\localhost\primes-api.xml] has finished in [2,841] ms
09-Dec-2023 13:56:31.972 INFO [main] org.apache.coyote.AbstractProtocol.start Starting ProtocolHandler ["http-nio-8081"]
09-Dec-2023 13:56:31.989 INFO [main] org.apache.catalina.startup.Catalina.start Server startup in [2951] milliseconds
09-Dec-2023 14:33:56.451 INFO [Thread-2] org.apache.coyote.AbstractProtocol.pause Pausing ProtocolHandler ["http-nio-8081"]
09-Dec-2023 14:33:56.453 INFO [Thread-2] org.apache.catalina.core.StandardService.stopInternal Stopping service [Catalina]
09-Dec-2023 14:33:56.455 WARNING [Thread-2] org.apache.catalina.loader.WebappClassLoaderBase.clearReferencesThreads The web application [primes-api] appears to have started a thread named [Thread-1] but has failed to stop it. This is very likely to create a memory leak. Stack trace of thread:
 java.base/java.lang.Thread.sleep0(Native Method)
 java.base/java.lang.Thread.sleep(Thread.java:509)
 org.example.prime.SharingUnit.lambda$startAutoRefresh$0(SharingUnit.java:44)
 java.base/java.lang.Thread.run(Thread.java:1583)
09-Dec-2023 14:33:56.471 INFO [Thread-2] org.apache.coyote.AbstractProtocol.stop Stopping ProtocolHandler ["http-nio-8081"]
09-Dec-2023 14:33:56.487 INFO [Thread-2] org.apache.coyote.AbstractProtocol.destroy Destroying ProtocolHandler ["http-nio-8081"]
09-Dec-2023 14:34:00.840 INFO [main] org.apache.catalina.startup.VersionLoggerListener.log Server version name:   Apache Tomcat/9.0.83
09-Dec-2023 14:34:00.843 INFO [main] org.apache.catalina.startup.VersionLoggerListener.log Server built:          Nov 9 2023 20:57:42 UTC
09-Dec-2023 14:34:00.843 INFO [main] org.apache.catalina.startup.VersionLoggerListener.log Server version number: 9.0.83.0
09-Dec-2023 14:34:00.844 INFO [main] org.apache.catalina.startup.VersionLoggerListener.log OS Name:               Windows 11
09-Dec-2023 14:34:00.844 INFO [main] org.apache.catalina.startup.VersionLoggerListener.log OS Version:            10.0
09-Dec-2023 14:34:00.844 INFO [main] org.apache.catalina.startup.VersionLoggerListener.log Architecture:          amd64
09-Dec-2023 14:34:00.844 INFO [main] org.apache.catalina.startup.VersionLoggerListener.log Java Home:             C:\Program Files\Java\jdk-21
09-Dec-2023 14:34:00.844 INFO [main] org.apache.catalina.startup.VersionLoggerListener.log JVM Version:           21.0.1+12-LTS-29
09-Dec-2023 14:34:00.844 INFO [main] org.apache.catalina.startup.VersionLoggerListener.log JVM Vendor:            Oracle Corporation
09-Dec-2023 14:34:00.844 INFO [main] org.apache.catalina.startup.VersionLoggerListener.log CATALINA_BASE:         D:\University\3rd_year\1st_term\Distributed System Programming\Project Assignments\T3 - REST API Primes\T3\primes-api
09-Dec-2023 14:34:00.844 INFO [main] org.apache.catalina.startup.VersionLoggerListener.log CATALINA_HOME:         D:\University\3rd_year\1st_term\Distributed System Programming\Project)))))\apache-tomcat-9.0.83-windows-x64\apache-tomcat-9.0.83
09-Dec-2023 14:34:00.852 INFO [main] org.apache.catalina.startup.VersionLoggerListener.log Command line argument: --add-opens=java.base/java.lang=ALL-UNNAMED
09-Dec-2023 14:34:00.852 INFO [main] org.apache.catalina.startup.VersionLoggerListener.log Command line argument: --add-opens=java.base/java.io=ALL-UNNAMED
09-Dec-2023 14:34:00.852 INFO [main] org.apache.catalina.startup.VersionLoggerListener.log Command line argument: --add-opens=java.base/java.util=ALL-UNNAMED
09-Dec-2023 14:34:00.852 INFO [main] org.apache.catalina.startup.VersionLoggerListener.log Command line argument: --add-opens=java.base/java.util.concurrent=ALL-UNNAMED
09-Dec-2023 14:34:00.852 INFO [main] org.apache.catalina.startup.VersionLoggerListener.log Command line argument: --add-opens=java.rmi/sun.rmi.transport=ALL-UNNAMED
09-Dec-2023 14:34:00.852 INFO [main] org.apache.catalina.startup.VersionLoggerListener.log Command line argument: -Dcatalina.home=D:\University\3rd_year\1st_term\Distributed System Programming\Project)))))\apache-tomcat-9.0.83-windows-x64\apache-tomcat-9.0.83
09-Dec-2023 14:34:00.852 INFO [main] org.apache.catalina.startup.VersionLoggerListener.log Command line argument: -Dcatalina.base=D:\University\3rd_year\1st_term\Distributed System Programming\Project Assignments\T3 - REST API Primes\T3\primes-api
09-Dec-2023 14:34:00.852 INFO [main] org.apache.catalina.startup.VersionLoggerListener.log Command line argument: -Djava.io.tmpdir=D:\University\3rd_year\1st_term\Distributed System Programming\Project Assignments\T3 - REST API Primes\T3\primes-api\temp
09-Dec-2023 14:34:00.852 INFO [main] org.apache.catalina.startup.VersionLoggerListener.log Command line argument: -Djava.util.logging.config.file=D:\University\3rd_year\1st_term\Distributed System Programming\Project Assignments\T3 - REST API Primes\T3\primes-api\conf\logging.properties
09-Dec-2023 14:34:00.852 INFO [main] org.apache.catalina.startup.VersionLoggerListener.log Command line argument: -Djava.util.logging.manager=org.apache.juli.ClassLoaderLogManager
09-Dec-2023 14:34:00.852 INFO [main] org.apache.catalina.startup.VersionLoggerListener.log Command line argument: -javaagent:C:\Program Files\JetBrains\IntelliJ IDEA 2023.2.5\lib\idea_rt.jar=53073:C:\Program Files\JetBrains\IntelliJ IDEA 2023.2.5\bin
09-Dec-2023 14:34:00.852 INFO [main] org.apache.catalina.startup.VersionLoggerListener.log Command line argument: -Dfile.encoding=UTF-8
09-Dec-2023 14:34:00.852 INFO [main] org.apache.catalina.startup.VersionLoggerListener.log Command line argument: -Dsun.stdout.encoding=UTF-8
09-Dec-2023 14:34:00.852 INFO [main] org.apache.catalina.startup.VersionLoggerListener.log Command line argument: -Dsun.stderr.encoding=UTF-8
09-Dec-2023 14:34:00.855 INFO [main] org.apache.catalina.core.AprLifecycleListener.lifecycleEvent Loaded Apache Tomcat Native library [1.2.39] using APR version [1.7.4].
09-Dec-2023 14:34:00.855 INFO [main] org.apache.catalina.core.AprLifecycleListener.lifecycleEvent APR capabilities: IPv6 [true], sendfile [true], accept filters [false], random [true], UDS [true].
09-Dec-2023 14:34:00.855 INFO [main] org.apache.catalina.core.AprLifecycleListener.lifecycleEvent APR/OpenSSL configuration: useAprConnector [false], useOpenSSL [true]
09-Dec-2023 14:34:00.860 INFO [main] org.apache.catalina.core.AprLifecycleListener.initializeSSL OpenSSL successfully initialized [OpenSSL 3.0.11 19 Sep 2023]
09-Dec-2023 14:34:01.258 INFO [main] org.apache.coyote.AbstractProtocol.init Initializing ProtocolHandler ["http-nio-8081"]
09-Dec-2023 14:34:01.279 INFO [main] org.apache.catalina.startup.Catalina.load Server initialization in [613] milliseconds
09-Dec-2023 14:34:01.318 INFO [main] org.apache.catalina.core.StandardService.startInternal Starting service [Catalina]
09-Dec-2023 14:34:01.318 INFO [main] org.apache.catalina.core.StandardEngine.startInternal Starting Servlet engine: [Apache Tomcat/9.0.83]
09-Dec-2023 14:34:01.325 INFO [main] org.apache.catalina.startup.HostConfig.deployDescriptor Deploying deployment descriptor [D:\University\3rd_year\1st_term\Distributed System Programming\Project Assignments\T3 - REST API Primes\T3\primes-api\conf\Catalina\localhost\primes-api.xml]
09-Dec-2023 14:34:02.990 INFO [main] org.apache.jasper.servlet.TldScanner.scanJars At least one JAR was scanned for TLDs yet contained no TLDs. Enable debug logging for this logger for a complete list of JARs that were scanned but no TLDs were found in them. Skipping unneeded JARs during scanning can improve startup time and JSP compilation time.
09-Dec-2023 14:34:03.485 INFO [main] org.glassfish.jersey.server.ApplicationHandler.initialize Initiating Jersey application, version Jersey: 2.6 2014-02-18 21:52:53...
09-Dec-2023 14:34:03.757 INFO [main] org.apache.catalina.startup.HostConfig.deployDescriptor Deployment of deployment descriptor [D:\University\3rd_year\1st_term\Distributed System Programming\Project Assignments\T3 - REST API Primes\T3\primes-api\conf\Catalina\localhost\primes-api.xml] has finished in [2,431] ms
09-Dec-2023 14:34:03.763 INFO [main] org.apache.coyote.AbstractProtocol.start Starting ProtocolHandler ["http-nio-8081"]
09-Dec-2023 14:34:03.782 INFO [main] org.apache.catalina.startup.Catalina.start Server startup in [2502] milliseconds
09-Dec-2023 14:36:16.993 INFO [Thread-2] org.apache.coyote.AbstractProtocol.pause Pausing ProtocolHandler ["http-nio-8081"]
09-Dec-2023 14:36:17.001 INFO [Thread-2] org.apache.catalina.core.StandardService.stopInternal Stopping service [Catalina]
09-Dec-2023 14:36:17.006 WARNING [Thread-2] org.apache.catalina.loader.WebappClassLoaderBase.clearReferencesThreads The web application [primes-api] appears to have started a thread named [Thread-1] but has failed to stop it. This is very likely to create a memory leak. Stack trace of thread:
 java.base/java.lang.Thread.sleep0(Native Method)
 java.base/java.lang.Thread.sleep(Thread.java:509)
 org.example.prime.SharingUnit.lambda$startAutoRefresh$0(SharingUnit.java:44)
 java.base/java.lang.Thread.run(Thread.java:1583)
09-Dec-2023 14:36:17.011 INFO [Thread-2] org.apache.coyote.AbstractProtocol.stop Stopping ProtocolHandler ["http-nio-8081"]
09-Dec-2023 14:36:17.016 INFO [Thread-2] org.apache.coyote.AbstractProtocol.destroy Destroying ProtocolHandler ["http-nio-8081"]
09-Dec-2023 14:36:19.950 INFO [main] org.apache.catalina.startup.VersionLoggerListener.log Server version name:   Apache Tomcat/9.0.83
09-Dec-2023 14:36:19.954 INFO [main] org.apache.catalina.startup.VersionLoggerListener.log Server built:          Nov 9 2023 20:57:42 UTC
09-Dec-2023 14:36:19.954 INFO [main] org.apache.catalina.startup.VersionLoggerListener.log Server version number: 9.0.83.0
09-Dec-2023 14:36:19.954 INFO [main] org.apache.catalina.startup.VersionLoggerListener.log OS Name:               Windows 11
09-Dec-2023 14:36:19.954 INFO [main] org.apache.catalina.startup.VersionLoggerListener.log OS Version:            10.0
09-Dec-2023 14:36:19.954 INFO [main] org.apache.catalina.startup.VersionLoggerListener.log Architecture:          amd64
09-Dec-2023 14:36:19.954 INFO [main] org.apache.catalina.startup.VersionLoggerListener.log Java Home:             C:\Program Files\Java\jdk-21
09-Dec-2023 14:36:19.954 INFO [main] org.apache.catalina.startup.VersionLoggerListener.log JVM Version:           21.0.1+12-LTS-29
09-Dec-2023 14:36:19.954 INFO [main] org.apache.catalina.startup.VersionLoggerListener.log JVM Vendor:            Oracle Corporation
09-Dec-2023 14:36:19.954 INFO [main] org.apache.catalina.startup.VersionLoggerListener.log CATALINA_BASE:         D:\University\3rd_year\1st_term\Distributed System Programming\Project Assignments\T3 - REST API Primes\T3\primes-api
09-Dec-2023 14:36:19.954 INFO [main] org.apache.catalina.startup.VersionLoggerListener.log CATALINA_HOME:         D:\University\3rd_year\1st_term\Distributed System Programming\Project)))))\apache-tomcat-9.0.83-windows-x64\apache-tomcat-9.0.83
09-Dec-2023 14:36:19.964 INFO [main] org.apache.catalina.startup.VersionLoggerListener.log Command line argument: --add-opens=java.base/java.lang=ALL-UNNAMED
09-Dec-2023 14:36:19.964 INFO [main] org.apache.catalina.startup.VersionLoggerListener.log Command line argument: --add-opens=java.base/java.io=ALL-UNNAMED
09-Dec-2023 14:36:19.964 INFO [main] org.apache.catalina.startup.VersionLoggerListener.log Command line argument: --add-opens=java.base/java.util=ALL-UNNAMED
09-Dec-2023 14:36:19.964 INFO [main] org.apache.catalina.startup.VersionLoggerListener.log Command line argument: --add-opens=java.base/java.util.concurrent=ALL-UNNAMED
09-Dec-2023 14:36:19.964 INFO [main] org.apache.catalina.startup.VersionLoggerListener.log Command line argument: --add-opens=java.rmi/sun.rmi.transport=ALL-UNNAMED
09-Dec-2023 14:36:19.964 INFO [main] org.apache.catalina.startup.VersionLoggerListener.log Command line argument: -Dcatalina.home=D:\University\3rd_year\1st_term\Distributed System Programming\Project)))))\apache-tomcat-9.0.83-windows-x64\apache-tomcat-9.0.83
09-Dec-2023 14:36:19.964 INFO [main] org.apache.catalina.startup.VersionLoggerListener.log Command line argument: -Dcatalina.base=D:\University\3rd_year\1st_term\Distributed System Programming\Project Assignments\T3 - REST API Primes\T3\primes-api
09-Dec-2023 14:36:19.964 INFO [main] org.apache.catalina.startup.VersionLoggerListener.log Command line argument: -Djava.io.tmpdir=D:\University\3rd_year\1st_term\Distributed System Programming\Project Assignments\T3 - REST API Primes\T3\primes-api\temp
09-Dec-2023 14:36:19.964 INFO [main] org.apache.catalina.startup.VersionLoggerListener.log Command line argument: -Djava.util.logging.config.file=D:\University\3rd_year\1st_term\Distributed System Programming\Project Assignments\T3 - REST API Primes\T3\primes-api\conf\logging.properties
09-Dec-2023 14:36:19.964 INFO [main] org.apache.catalina.startup.VersionLoggerListener.log Command line argument: -Djava.util.logging.manager=org.apache.juli.ClassLoaderLogManager
09-Dec-2023 14:36:19.964 INFO [main] org.apache.catalina.startup.VersionLoggerListener.log Command line argument: -javaagent:C:\Program Files\JetBrains\IntelliJ IDEA 2023.2.5\lib\idea_rt.jar=53150:C:\Program Files\JetBrains\IntelliJ IDEA 2023.2.5\bin
09-Dec-2023 14:36:19.967 INFO [main] org.apache.catalina.startup.VersionLoggerListener.log Command line argument: -Dfile.encoding=UTF-8
09-Dec-2023 14:36:19.967 INFO [main] org.apache.catalina.startup.VersionLoggerListener.log Command line argument: -Dsun.stdout.encoding=UTF-8
09-Dec-2023 14:36:19.969 INFO [main] org.apache.catalina.startup.VersionLoggerListener.log Command line argument: -Dsun.stderr.encoding=UTF-8
09-Dec-2023 14:36:19.973 INFO [main] org.apache.catalina.core.AprLifecycleListener.lifecycleEvent Loaded Apache Tomcat Native library [1.2.39] using APR version [1.7.4].
09-Dec-2023 14:36:19.973 INFO [main] org.apache.catalina.core.AprLifecycleListener.lifecycleEvent APR capabilities: IPv6 [true], sendfile [true], accept filters [false], random [true], UDS [true].
09-Dec-2023 14:36:19.973 INFO [main] org.apache.catalina.core.AprLifecycleListener.lifecycleEvent APR/OpenSSL configuration: useAprConnector [false], useOpenSSL [true]
09-Dec-2023 14:36:19.981 INFO [main] org.apache.catalina.core.AprLifecycleListener.initializeSSL OpenSSL successfully initialized [OpenSSL 3.0.11 19 Sep 2023]
09-Dec-2023 14:36:20.416 INFO [main] org.apache.coyote.AbstractProtocol.init Initializing ProtocolHandler ["http-nio-8081"]
09-Dec-2023 14:36:20.436 INFO [main] org.apache.catalina.startup.Catalina.load Server initialization in [688] milliseconds
09-Dec-2023 14:36:20.480 INFO [main] org.apache.catalina.core.StandardService.startInternal Starting service [Catalina]
09-Dec-2023 14:36:20.480 INFO [main] org.apache.catalina.core.StandardEngine.startInternal Starting Servlet engine: [Apache Tomcat/9.0.83]
09-Dec-2023 14:36:20.491 INFO [main] org.apache.catalina.startup.HostConfig.deployDescriptor Deploying deployment descriptor [D:\University\3rd_year\1st_term\Distributed System Programming\Project Assignments\T3 - REST API Primes\T3\primes-api\conf\Catalina\localhost\primes-api.xml]
09-Dec-2023 14:36:22.367 INFO [main] org.apache.jasper.servlet.TldScanner.scanJars At least one JAR was scanned for TLDs yet contained no TLDs. Enable debug logging for this logger for a complete list of JARs that were scanned but no TLDs were found in them. Skipping unneeded JARs during scanning can improve startup time and JSP compilation time.
09-Dec-2023 14:36:22.831 INFO [main] org.glassfish.jersey.server.ApplicationHandler.initialize Initiating Jersey application, version Jersey: 2.6 2014-02-18 21:52:53...
09-Dec-2023 14:36:23.123 INFO [main] org.apache.catalina.startup.HostConfig.deployDescriptor Deployment of deployment descriptor [D:\University\3rd_year\1st_term\Distributed System Programming\Project Assignments\T3 - REST API Primes\T3\primes-api\conf\Catalina\localhost\primes-api.xml] has finished in [2,631] ms
09-Dec-2023 14:36:23.126 INFO [main] org.apache.coyote.AbstractProtocol.start Starting ProtocolHandler ["http-nio-8081"]
09-Dec-2023 14:36:23.147 INFO [main] org.apache.catalina.startup.Catalina.start Server startup in [2709] milliseconds
09-Dec-2023 15:04:34.081 INFO [main] org.apache.catalina.startup.VersionLoggerListener.log Server version name:   Apache Tomcat/9.0.83
09-Dec-2023 15:04:34.083 INFO [main] org.apache.catalina.startup.VersionLoggerListener.log Server built:          Nov 9 2023 20:57:42 UTC
09-Dec-2023 15:04:34.083 INFO [main] org.apache.catalina.startup.VersionLoggerListener.log Server version number: 9.0.83.0
09-Dec-2023 15:04:34.083 INFO [main] org.apache.catalina.startup.VersionLoggerListener.log OS Name:               Windows 11
09-Dec-2023 15:04:34.083 INFO [main] org.apache.catalina.startup.VersionLoggerListener.log OS Version:            10.0
09-Dec-2023 15:04:34.084 INFO [main] org.apache.catalina.startup.VersionLoggerListener.log Architecture:          amd64
09-Dec-2023 15:04:34.084 INFO [main] org.apache.catalina.startup.VersionLoggerListener.log Java Home:             C:\Program Files\Java\jdk-21
09-Dec-2023 15:04:34.084 INFO [main] org.apache.catalina.startup.VersionLoggerListener.log JVM Version:           21.0.1+12-LTS-29
09-Dec-2023 15:04:34.084 INFO [main] org.apache.catalina.startup.VersionLoggerListener.log JVM Vendor:            Oracle Corporation
09-Dec-2023 15:04:34.084 INFO [main] org.apache.catalina.startup.VersionLoggerListener.log CATALINA_BASE:         D:\University\3rd_year\1st_term\Distributed System Programming\Project Assignments\T3 - REST API Primes\T3\primes-api
09-Dec-2023 15:04:34.084 INFO [main] org.apache.catalina.startup.VersionLoggerListener.log CATALINA_HOME:         D:\University\3rd_year\1st_term\Distributed System Programming\Project)))))\apache-tomcat-9.0.83-windows-x64\apache-tomcat-9.0.83
09-Dec-2023 15:04:34.090 INFO [main] org.apache.catalina.startup.VersionLoggerListener.log Command line argument: --add-opens=java.base/java.lang=ALL-UNNAMED
09-Dec-2023 15:04:34.090 INFO [main] org.apache.catalina.startup.VersionLoggerListener.log Command line argument: --add-opens=java.base/java.io=ALL-UNNAMED
09-Dec-2023 15:04:34.090 INFO [main] org.apache.catalina.startup.VersionLoggerListener.log Command line argument: --add-opens=java.base/java.util=ALL-UNNAMED
09-Dec-2023 15:04:34.090 INFO [main] org.apache.catalina.startup.VersionLoggerListener.log Command line argument: --add-opens=java.base/java.util.concurrent=ALL-UNNAMED
09-Dec-2023 15:04:34.090 INFO [main] org.apache.catalina.startup.VersionLoggerListener.log Command line argument: --add-opens=java.rmi/sun.rmi.transport=ALL-UNNAMED
09-Dec-2023 15:04:34.090 INFO [main] org.apache.catalina.startup.VersionLoggerListener.log Command line argument: -Dcatalina.home=D:\University\3rd_year\1st_term\Distributed System Programming\Project)))))\apache-tomcat-9.0.83-windows-x64\apache-tomcat-9.0.83
09-Dec-2023 15:04:34.090 INFO [main] org.apache.catalina.startup.VersionLoggerListener.log Command line argument: -Dcatalina.base=D:\University\3rd_year\1st_term\Distributed System Programming\Project Assignments\T3 - REST API Primes\T3\primes-api
09-Dec-2023 15:04:34.090 INFO [main] org.apache.catalina.startup.VersionLoggerListener.log Command line argument: -Djava.io.tmpdir=D:\University\3rd_year\1st_term\Distributed System Programming\Project Assignments\T3 - REST API Primes\T3\primes-api\temp
09-Dec-2023 15:04:34.090 INFO [main] org.apache.catalina.startup.VersionLoggerListener.log Command line argument: -Djava.util.logging.config.file=D:\University\3rd_year\1st_term\Distributed System Programming\Project Assignments\T3 - REST API Primes\T3\primes-api\conf\logging.properties
09-Dec-2023 15:04:34.090 INFO [main] org.apache.catalina.startup.VersionLoggerListener.log Command line argument: -Djava.util.logging.manager=org.apache.juli.ClassLoaderLogManager
09-Dec-2023 15:04:34.090 INFO [main] org.apache.catalina.startup.VersionLoggerListener.log Command line argument: -javaagent:C:\Program Files\JetBrains\IntelliJ IDEA 2023.2.5\lib\idea_rt.jar=54009:C:\Program Files\JetBrains\IntelliJ IDEA 2023.2.5\bin
09-Dec-2023 15:04:34.090 INFO [main] org.apache.catalina.startup.VersionLoggerListener.log Command line argument: -Dfile.encoding=UTF-8
09-Dec-2023 15:04:34.091 INFO [main] org.apache.catalina.startup.VersionLoggerListener.log Command line argument: -Dsun.stdout.encoding=UTF-8
09-Dec-2023 15:04:34.091 INFO [main] org.apache.catalina.startup.VersionLoggerListener.log Command line argument: -Dsun.stderr.encoding=UTF-8
09-Dec-2023 15:04:34.094 INFO [main] org.apache.catalina.core.AprLifecycleListener.lifecycleEvent Loaded Apache Tomcat Native library [1.2.39] using APR version [1.7.4].
09-Dec-2023 15:04:34.094 INFO [main] org.apache.catalina.core.AprLifecycleListener.lifecycleEvent APR capabilities: IPv6 [true], sendfile [true], accept filters [false], random [true], UDS [true].
09-Dec-2023 15:04:34.094 INFO [main] org.apache.catalina.core.AprLifecycleListener.lifecycleEvent APR/OpenSSL configuration: useAprConnector [false], useOpenSSL [true]
09-Dec-2023 15:04:34.098 INFO [main] org.apache.catalina.core.AprLifecycleListener.initializeSSL OpenSSL successfully initialized [OpenSSL 3.0.11 19 Sep 2023]
09-Dec-2023 15:04:34.480 INFO [main] org.apache.coyote.AbstractProtocol.init Initializing ProtocolHandler ["http-nio-8082"]
09-Dec-2023 15:04:34.498 INFO [main] org.apache.catalina.startup.Catalina.load Server initialization in [586] milliseconds
09-Dec-2023 15:04:34.537 INFO [main] org.apache.catalina.core.StandardService.startInternal Starting service [Catalina]
09-Dec-2023 15:04:34.538 INFO [main] org.apache.catalina.core.StandardEngine.startInternal Starting Servlet engine: [Apache Tomcat/9.0.83]
09-Dec-2023 15:04:34.546 INFO [main] org.apache.catalina.startup.HostConfig.deployDescriptor Deploying deployment descriptor [D:\University\3rd_year\1st_term\Distributed System Programming\Project Assignments\T3 - REST API Primes\T3\primes-api\conf\Catalina\localhost\primes-api.xml]
09-Dec-2023 15:04:34.947 INFO [Catalina-utility-2] org.apache.catalina.startup.HostConfig.undeploy Undeploying context [/primes-api]
09-Dec-2023 15:04:34.962 WARNING [Catalina-utility-2] org.apache.catalina.loader.WebappClassLoaderBase.clearReferencesThreads The web application [primes-api] appears to have started a thread named [Thread-1] but has failed to stop it. This is very likely to create a memory leak. Stack trace of thread:
 java.base/java.lang.Thread.sleep0(Native Method)
 java.base/java.lang.Thread.sleep(Thread.java:509)
 org.example.prime.SharingUnit.lambda$startAutoRefresh$0(SharingUnit.java:44)
 java.base/java.lang.Thread.run(Thread.java:1583)
09-Dec-2023 15:04:34.973 INFO [Catalina-utility-2] org.apache.catalina.startup.HostConfig.deployDescriptor Deploying deployment descriptor [D:\University\3rd_year\1st_term\Distributed System Programming\Project Assignments\T3 - REST API Primes\T3\primes-api\conf\Catalina\localhost\primes-api.xml]
09-Dec-2023 15:04:36.481 INFO [Catalina-utility-2] org.apache.jasper.servlet.TldScanner.scanJars At least one JAR was scanned for TLDs yet contained no TLDs. Enable debug logging for this logger for a complete list of JARs that were scanned but no TLDs were found in them. Skipping unneeded JARs during scanning can improve startup time and JSP compilation time.
09-Dec-2023 15:04:36.501 INFO [main] org.apache.jasper.servlet.TldScanner.scanJars At least one JAR was scanned for TLDs yet contained no TLDs. Enable debug logging for this logger for a complete list of JARs that were scanned but no TLDs were found in them. Skipping unneeded JARs during scanning can improve startup time and JSP compilation time.
09-Dec-2023 15:04:37.014 INFO [Catalina-utility-2] org.glassfish.jersey.server.ApplicationHandler.initialize Initiating Jersey application, version Jersey: 2.6 2014-02-18 21:52:53...
09-Dec-2023 15:04:37.079 INFO [main] org.glassfish.jersey.server.ApplicationHandler.initialize Initiating Jersey application, version Jersey: 2.6 2014-02-18 21:52:53...
09-Dec-2023 15:04:37.316 INFO [Catalina-utility-2] org.apache.catalina.startup.HostConfig.deployDescriptor Deployment of deployment descriptor [D:\University\3rd_year\1st_term\Distributed System Programming\Project Assignments\T3 - REST API Primes\T3\primes-api\conf\Catalina\localhost\primes-api.xml] has finished in [2,344] ms
09-Dec-2023 15:04:37.399 INFO [main] org.apache.catalina.startup.HostConfig.deployDescriptor Deployment of deployment descriptor [D:\University\3rd_year\1st_term\Distributed System Programming\Project Assignments\T3 - REST API Primes\T3\primes-api\conf\Catalina\localhost\primes-api.xml] has finished in [2,853] ms
09-Dec-2023 15:04:37.402 INFO [main] org.apache.coyote.AbstractProtocol.start Starting ProtocolHandler ["http-nio-8082"]
09-Dec-2023 15:04:37.417 INFO [main] org.apache.catalina.startup.Catalina.start Server startup in [2917] milliseconds
09-Dec-2023 15:04:37.417 SEVERE [main] org.apache.catalina.core.StandardServer.await Failed to create server shutdown socket on address [localhost] and port [8007] (base port [8007] and offset [0])
	java.net.BindException: Address already in use: bind
		at java.base/sun.nio.ch.Net.bind0(Native Method)
		at java.base/sun.nio.ch.Net.bind(Net.java:565)
		at java.base/sun.nio.ch.Net.bind(Net.java:554)
		at java.base/sun.nio.ch.NioSocketImpl.bind(NioSocketImpl.java:636)
		at java.base/java.net.ServerSocket.bind(ServerSocket.java:391)
		at java.base/java.net.ServerSocket.<init>(ServerSocket.java:278)
		at org.apache.catalina.core.StandardServer.await(StandardServer.java:581)
		at org.apache.catalina.startup.Catalina.await(Catalina.java:864)
		at org.apache.catalina.startup.Catalina.start(Catalina.java:810)
		at java.base/jdk.internal.reflect.DirectMethodHandleAccessor.invoke(DirectMethodHandleAccessor.java:103)
		at java.base/java.lang.reflect.Method.invoke(Method.java:580)
		at org.apache.catalina.startup.Bootstrap.start(Bootstrap.java:347)
		at org.apache.catalina.startup.Bootstrap.main(Bootstrap.java:478)
09-Dec-2023 15:04:37.418 INFO [main] org.apache.coyote.AbstractProtocol.pause Pausing ProtocolHandler ["http-nio-8082"]
09-Dec-2023 15:04:37.422 INFO [main] org.apache.catalina.core.StandardService.stopInternal Stopping service [Catalina]
09-Dec-2023 15:04:37.426 WARNING [main] org.apache.catalina.loader.WebappClassLoaderBase.clearReferencesThreads The web application [primes-api] appears to have started a thread named [Thread-1] but has failed to stop it. This is very likely to create a memory leak. Stack trace of thread:
 java.base/java.lang.Thread.sleep0(Native Method)
 java.base/java.lang.Thread.sleep(Thread.java:509)
 org.example.prime.SharingUnit.lambda$startAutoRefresh$0(SharingUnit.java:44)
 java.base/java.lang.Thread.run(Thread.java:1583)
09-Dec-2023 15:04:37.428 INFO [main] org.apache.coyote.AbstractProtocol.stop Stopping ProtocolHandler ["http-nio-8082"]
09-Dec-2023 15:04:37.439 INFO [main] org.apache.coyote.AbstractProtocol.destroy Destroying ProtocolHandler ["http-nio-8082"]
09-Dec-2023 15:05:41.150 INFO [main] org.apache.catalina.startup.VersionLoggerListener.log Server version name:   Apache Tomcat/9.0.83
09-Dec-2023 15:05:41.154 INFO [main] org.apache.catalina.startup.VersionLoggerListener.log Server built:          Nov 9 2023 20:57:42 UTC
09-Dec-2023 15:05:41.154 INFO [main] org.apache.catalina.startup.VersionLoggerListener.log Server version number: 9.0.83.0
09-Dec-2023 15:05:41.154 INFO [main] org.apache.catalina.startup.VersionLoggerListener.log OS Name:               Windows 11
09-Dec-2023 15:05:41.154 INFO [main] org.apache.catalina.startup.VersionLoggerListener.log OS Version:            10.0
09-Dec-2023 15:05:41.154 INFO [main] org.apache.catalina.startup.VersionLoggerListener.log Architecture:          amd64
09-Dec-2023 15:05:41.154 INFO [main] org.apache.catalina.startup.VersionLoggerListener.log Java Home:             C:\Program Files\Java\jdk-21
09-Dec-2023 15:05:41.154 INFO [main] org.apache.catalina.startup.VersionLoggerListener.log JVM Version:           21.0.1+12-LTS-29
09-Dec-2023 15:05:41.155 INFO [main] org.apache.catalina.startup.VersionLoggerListener.log JVM Vendor:            Oracle Corporation
09-Dec-2023 15:05:41.155 INFO [main] org.apache.catalina.startup.VersionLoggerListener.log CATALINA_BASE:         D:\University\3rd_year\1st_term\Distributed System Programming\Project Assignments\T3 - REST API Primes\T3\primes-api
09-Dec-2023 15:05:41.155 INFO [main] org.apache.catalina.startup.VersionLoggerListener.log CATALINA_HOME:         D:\University\3rd_year\1st_term\Distributed System Programming\Project)))))\apache-tomcat-9.0.83-windows-x64\apache-tomcat-9.0.83
09-Dec-2023 15:05:41.163 INFO [main] org.apache.catalina.startup.VersionLoggerListener.log Command line argument: --add-opens=java.base/java.lang=ALL-UNNAMED
09-Dec-2023 15:05:41.164 INFO [main] org.apache.catalina.startup.VersionLoggerListener.log Command line argument: --add-opens=java.base/java.io=ALL-UNNAMED
09-Dec-2023 15:05:41.164 INFO [main] org.apache.catalina.startup.VersionLoggerListener.log Command line argument: --add-opens=java.base/java.util=ALL-UNNAMED
09-Dec-2023 15:05:41.164 INFO [main] org.apache.catalina.startup.VersionLoggerListener.log Command line argument: --add-opens=java.base/java.util.concurrent=ALL-UNNAMED
09-Dec-2023 15:05:41.164 INFO [main] org.apache.catalina.startup.VersionLoggerListener.log Command line argument: --add-opens=java.rmi/sun.rmi.transport=ALL-UNNAMED
09-Dec-2023 15:05:41.164 INFO [main] org.apache.catalina.startup.VersionLoggerListener.log Command line argument: -Dcatalina.home=D:\University\3rd_year\1st_term\Distributed System Programming\Project)))))\apache-tomcat-9.0.83-windows-x64\apache-tomcat-9.0.83
09-Dec-2023 15:05:41.164 INFO [main] org.apache.catalina.startup.VersionLoggerListener.log Command line argument: -Dcatalina.base=D:\University\3rd_year\1st_term\Distributed System Programming\Project Assignments\T3 - REST API Primes\T3\primes-api
09-Dec-2023 15:05:41.164 INFO [main] org.apache.catalina.startup.VersionLoggerListener.log Command line argument: -Djava.io.tmpdir=D:\University\3rd_year\1st_term\Distributed System Programming\Project Assignments\T3 - REST API Primes\T3\primes-api\temp
09-Dec-2023 15:05:41.164 INFO [main] org.apache.catalina.startup.VersionLoggerListener.log Command line argument: -Djava.util.logging.config.file=D:\University\3rd_year\1st_term\Distributed System Programming\Project Assignments\T3 - REST API Primes\T3\primes-api\conf\logging.properties
09-Dec-2023 15:05:41.164 INFO [main] org.apache.catalina.startup.VersionLoggerListener.log Command line argument: -Djava.util.logging.manager=org.apache.juli.ClassLoaderLogManager
09-Dec-2023 15:05:41.164 INFO [main] org.apache.catalina.startup.VersionLoggerListener.log Command line argument: -javaagent:C:\Program Files\JetBrains\IntelliJ IDEA 2023.2.5\lib\idea_rt.jar=54081:C:\Program Files\JetBrains\IntelliJ IDEA 2023.2.5\bin
09-Dec-2023 15:05:41.164 INFO [main] org.apache.catalina.startup.VersionLoggerListener.log Command line argument: -Dfile.encoding=UTF-8
09-Dec-2023 15:05:41.164 INFO [main] org.apache.catalina.startup.VersionLoggerListener.log Command line argument: -Dsun.stdout.encoding=UTF-8
09-Dec-2023 15:05:41.165 INFO [main] org.apache.catalina.startup.VersionLoggerListener.log Command line argument: -Dsun.stderr.encoding=UTF-8
09-Dec-2023 15:05:41.167 INFO [main] org.apache.catalina.core.AprLifecycleListener.lifecycleEvent Loaded Apache Tomcat Native library [1.2.39] using APR version [1.7.4].
09-Dec-2023 15:05:41.169 INFO [main] org.apache.catalina.core.AprLifecycleListener.lifecycleEvent APR capabilities: IPv6 [true], sendfile [true], accept filters [false], random [true], UDS [true].
09-Dec-2023 15:05:41.169 INFO [main] org.apache.catalina.core.AprLifecycleListener.lifecycleEvent APR/OpenSSL configuration: useAprConnector [false], useOpenSSL [true]
09-Dec-2023 15:05:41.175 INFO [main] org.apache.catalina.core.AprLifecycleListener.initializeSSL OpenSSL successfully initialized [OpenSSL 3.0.11 19 Sep 2023]
09-Dec-2023 15:05:41.558 INFO [main] org.apache.coyote.AbstractProtocol.init Initializing ProtocolHandler ["http-nio-8082"]
09-Dec-2023 15:05:41.574 INFO [main] org.apache.catalina.startup.Catalina.load Server initialization in [676] milliseconds
09-Dec-2023 15:05:41.615 INFO [main] org.apache.catalina.core.StandardService.startInternal Starting service [Catalina]
09-Dec-2023 15:05:41.615 INFO [main] org.apache.catalina.core.StandardEngine.startInternal Starting Servlet engine: [Apache Tomcat/9.0.83]
09-Dec-2023 15:05:41.623 INFO [main] org.apache.catalina.startup.HostConfig.deployDescriptor Deploying deployment descriptor [D:\University\3rd_year\1st_term\Distributed System Programming\Project Assignments\T3 - REST API Primes\T3\primes-api\conf\Catalina\localhost\primes-api.xml]
09-Dec-2023 15:05:43.302 INFO [main] org.apache.jasper.servlet.TldScanner.scanJars At least one JAR was scanned for TLDs yet contained no TLDs. Enable debug logging for this logger for a complete list of JARs that were scanned but no TLDs were found in them. Skipping unneeded JARs during scanning can improve startup time and JSP compilation time.
09-Dec-2023 15:05:43.758 INFO [main] org.glassfish.jersey.server.ApplicationHandler.initialize Initiating Jersey application, version Jersey: 2.6 2014-02-18 21:52:53...
09-Dec-2023 15:05:44.054 INFO [main] org.apache.catalina.startup.HostConfig.deployDescriptor Deployment of deployment descriptor [D:\University\3rd_year\1st_term\Distributed System Programming\Project Assignments\T3 - REST API Primes\T3\primes-api\conf\Catalina\localhost\primes-api.xml] has finished in [2,430] ms
09-Dec-2023 15:05:44.057 INFO [main] org.apache.coyote.AbstractProtocol.start Starting ProtocolHandler ["http-nio-8082"]
09-Dec-2023 15:05:44.074 INFO [main] org.apache.catalina.startup.Catalina.start Server startup in [2497] milliseconds
09-Dec-2023 15:05:44.075 SEVERE [main] org.apache.catalina.core.StandardServer.await Failed to create server shutdown socket on address [localhost] and port [8007] (base port [8007] and offset [0])
	java.net.BindException: Address already in use: bind
		at java.base/sun.nio.ch.Net.bind0(Native Method)
		at java.base/sun.nio.ch.Net.bind(Net.java:565)
		at java.base/sun.nio.ch.Net.bind(Net.java:554)
		at java.base/sun.nio.ch.NioSocketImpl.bind(NioSocketImpl.java:636)
		at java.base/java.net.ServerSocket.bind(ServerSocket.java:391)
		at java.base/java.net.ServerSocket.<init>(ServerSocket.java:278)
		at org.apache.catalina.core.StandardServer.await(StandardServer.java:581)
		at org.apache.catalina.startup.Catalina.await(Catalina.java:864)
		at org.apache.catalina.startup.Catalina.start(Catalina.java:810)
		at java.base/jdk.internal.reflect.DirectMethodHandleAccessor.invoke(DirectMethodHandleAccessor.java:103)
		at java.base/java.lang.reflect.Method.invoke(Method.java:580)
		at org.apache.catalina.startup.Bootstrap.start(Bootstrap.java:347)
		at org.apache.catalina.startup.Bootstrap.main(Bootstrap.java:478)
09-Dec-2023 15:05:44.075 INFO [main] org.apache.coyote.AbstractProtocol.pause Pausing ProtocolHandler ["http-nio-8082"]
09-Dec-2023 15:05:44.080 INFO [main] org.apache.catalina.core.StandardService.stopInternal Stopping service [Catalina]
09-Dec-2023 15:05:44.083 WARNING [main] org.apache.catalina.loader.WebappClassLoaderBase.clearReferencesThreads The web application [primes-api] appears to have started a thread named [Thread-1] but has failed to stop it. This is very likely to create a memory leak. Stack trace of thread:
 java.base/java.lang.Thread.sleep0(Native Method)
 java.base/java.lang.Thread.sleep(Thread.java:509)
 org.example.prime.SharingUnit.lambda$startAutoRefresh$0(SharingUnit.java:44)
 java.base/java.lang.Thread.run(Thread.java:1583)
09-Dec-2023 15:05:44.086 INFO [main] org.apache.coyote.AbstractProtocol.stop Stopping ProtocolHandler ["http-nio-8082"]
09-Dec-2023 15:05:44.095 INFO [main] org.apache.coyote.AbstractProtocol.destroy Destroying ProtocolHandler ["http-nio-8082"]
09-Dec-2023 15:05:47.393 INFO [Catalina-utility-2] org.apache.catalina.startup.HostConfig.undeploy Undeploying context [/primes-api]
09-Dec-2023 15:05:47.397 WARNING [Catalina-utility-2] org.apache.catalina.loader.WebappClassLoaderBase.clearReferencesThreads The web application [primes-api] appears to have started a thread named [Thread-3] but has failed to stop it. This is very likely to create a memory leak. Stack trace of thread:
 java.base/java.lang.Thread.sleep0(Native Method)
 java.base/java.lang.Thread.sleep(Thread.java:509)
 org.example.prime.SharingUnit.lambda$startAutoRefresh$0(SharingUnit.java:44)
 java.base/java.lang.Thread.run(Thread.java:1583)
09-Dec-2023 15:05:47.405 INFO [Catalina-utility-2] org.apache.catalina.startup.HostConfig.deployDescriptor Deploying deployment descriptor [D:\University\3rd_year\1st_term\Distributed System Programming\Project Assignments\T3 - REST API Primes\T3\primes-api\conf\Catalina\localhost\primes-api.xml]
09-Dec-2023 15:05:48.461 INFO [Catalina-utility-2] org.apache.jasper.servlet.TldScanner.scanJars At least one JAR was scanned for TLDs yet contained no TLDs. Enable debug logging for this logger for a complete list of JARs that were scanned but no TLDs were found in them. Skipping unneeded JARs during scanning can improve startup time and JSP compilation time.
09-Dec-2023 15:05:48.832 INFO [Catalina-utility-2] org.glassfish.jersey.server.ApplicationHandler.initialize Initiating Jersey application, version Jersey: 2.6 2014-02-18 21:52:53...
09-Dec-2023 15:05:49.039 INFO [Catalina-utility-2] org.apache.catalina.startup.HostConfig.deployDescriptor Deployment of deployment descriptor [D:\University\3rd_year\1st_term\Distributed System Programming\Project Assignments\T3 - REST API Primes\T3\primes-api\conf\Catalina\localhost\primes-api.xml] has finished in [1,633] ms
09-Dec-2023 15:06:26.908 INFO [main] org.apache.catalina.startup.VersionLoggerListener.log Server version name:   Apache Tomcat/9.0.83
09-Dec-2023 15:06:26.912 INFO [main] org.apache.catalina.startup.VersionLoggerListener.log Server built:          Nov 9 2023 20:57:42 UTC
09-Dec-2023 15:06:26.912 INFO [main] org.apache.catalina.startup.VersionLoggerListener.log Server version number: 9.0.83.0
09-Dec-2023 15:06:26.912 INFO [main] org.apache.catalina.startup.VersionLoggerListener.log OS Name:               Windows 11
09-Dec-2023 15:06:26.912 INFO [main] org.apache.catalina.startup.VersionLoggerListener.log OS Version:            10.0
09-Dec-2023 15:06:26.912 INFO [main] org.apache.catalina.startup.VersionLoggerListener.log Architecture:          amd64
09-Dec-2023 15:06:26.912 INFO [main] org.apache.catalina.startup.VersionLoggerListener.log Java Home:             C:\Program Files\Java\jdk-21
09-Dec-2023 15:06:26.912 INFO [main] org.apache.catalina.startup.VersionLoggerListener.log JVM Version:           21.0.1+12-LTS-29
09-Dec-2023 15:06:26.913 INFO [main] org.apache.catalina.startup.VersionLoggerListener.log JVM Vendor:            Oracle Corporation
09-Dec-2023 15:06:26.913 INFO [main] org.apache.catalina.startup.VersionLoggerListener.log CATALINA_BASE:         D:\University\3rd_year\1st_term\Distributed System Programming\Project Assignments\T3 - REST API Primes\T3\primes-api
09-Dec-2023 15:06:26.913 INFO [main] org.apache.catalina.startup.VersionLoggerListener.log CATALINA_HOME:         D:\University\3rd_year\1st_term\Distributed System Programming\Project)))))\apache-tomcat-9.0.83-windows-x64\apache-tomcat-9.0.83
09-Dec-2023 15:06:26.923 INFO [main] org.apache.catalina.startup.VersionLoggerListener.log Command line argument: --add-opens=java.base/java.lang=ALL-UNNAMED
09-Dec-2023 15:06:26.923 INFO [main] org.apache.catalina.startup.VersionLoggerListener.log Command line argument: --add-opens=java.base/java.io=ALL-UNNAMED
09-Dec-2023 15:06:26.923 INFO [main] org.apache.catalina.startup.VersionLoggerListener.log Command line argument: --add-opens=java.base/java.util=ALL-UNNAMED
09-Dec-2023 15:06:26.923 INFO [main] org.apache.catalina.startup.VersionLoggerListener.log Command line argument: --add-opens=java.base/java.util.concurrent=ALL-UNNAMED
09-Dec-2023 15:06:26.923 INFO [main] org.apache.catalina.startup.VersionLoggerListener.log Command line argument: --add-opens=java.rmi/sun.rmi.transport=ALL-UNNAMED
09-Dec-2023 15:06:26.924 INFO [main] org.apache.catalina.startup.VersionLoggerListener.log Command line argument: -Dcatalina.home=D:\University\3rd_year\1st_term\Distributed System Programming\Project)))))\apache-tomcat-9.0.83-windows-x64\apache-tomcat-9.0.83
09-Dec-2023 15:06:26.924 INFO [main] org.apache.catalina.startup.VersionLoggerListener.log Command line argument: -Dcatalina.base=D:\University\3rd_year\1st_term\Distributed System Programming\Project Assignments\T3 - REST API Primes\T3\primes-api
09-Dec-2023 15:06:26.924 INFO [main] org.apache.catalina.startup.VersionLoggerListener.log Command line argument: -Djava.io.tmpdir=D:\University\3rd_year\1st_term\Distributed System Programming\Project Assignments\T3 - REST API Primes\T3\primes-api\temp
09-Dec-2023 15:06:26.924 INFO [main] org.apache.catalina.startup.VersionLoggerListener.log Command line argument: -Djava.util.logging.config.file=D:\University\3rd_year\1st_term\Distributed System Programming\Project Assignments\T3 - REST API Primes\T3\primes-api\conf\logging.properties
09-Dec-2023 15:06:26.924 INFO [main] org.apache.catalina.startup.VersionLoggerListener.log Command line argument: -Djava.util.logging.manager=org.apache.juli.ClassLoaderLogManager
09-Dec-2023 15:06:26.924 INFO [main] org.apache.catalina.startup.VersionLoggerListener.log Command line argument: -javaagent:C:\Program Files\JetBrains\IntelliJ IDEA 2023.2.5\lib\idea_rt.jar=54141:C:\Program Files\JetBrains\IntelliJ IDEA 2023.2.5\bin
09-Dec-2023 15:06:26.924 INFO [main] org.apache.catalina.startup.VersionLoggerListener.log Command line argument: -Dfile.encoding=UTF-8
09-Dec-2023 15:06:26.924 INFO [main] org.apache.catalina.startup.VersionLoggerListener.log Command line argument: -Dsun.stdout.encoding=UTF-8
09-Dec-2023 15:06:26.924 INFO [main] org.apache.catalina.startup.VersionLoggerListener.log Command line argument: -Dsun.stderr.encoding=UTF-8
09-Dec-2023 15:06:26.929 INFO [main] org.apache.catalina.core.AprLifecycleListener.lifecycleEvent Loaded Apache Tomcat Native library [1.2.39] using APR version [1.7.4].
09-Dec-2023 15:06:26.929 INFO [main] org.apache.catalina.core.AprLifecycleListener.lifecycleEvent APR capabilities: IPv6 [true], sendfile [true], accept filters [false], random [true], UDS [true].
09-Dec-2023 15:06:26.929 INFO [main] org.apache.catalina.core.AprLifecycleListener.lifecycleEvent APR/OpenSSL configuration: useAprConnector [false], useOpenSSL [true]
09-Dec-2023 15:06:26.937 INFO [main] org.apache.catalina.core.AprLifecycleListener.initializeSSL OpenSSL successfully initialized [OpenSSL 3.0.11 19 Sep 2023]
09-Dec-2023 15:06:27.404 INFO [main] org.apache.coyote.AbstractProtocol.init Initializing ProtocolHandler ["http-nio-8082"]
09-Dec-2023 15:06:27.428 INFO [main] org.apache.catalina.startup.Catalina.load Server initialization in [778] milliseconds
09-Dec-2023 15:06:27.487 INFO [main] org.apache.catalina.core.StandardService.startInternal Starting service [Catalina]
09-Dec-2023 15:06:27.487 INFO [main] org.apache.catalina.core.StandardEngine.startInternal Starting Servlet engine: [Apache Tomcat/9.0.83]
09-Dec-2023 15:06:27.496 INFO [main] org.apache.catalina.startup.HostConfig.deployDescriptor Deploying deployment descriptor [D:\University\3rd_year\1st_term\Distributed System Programming\Project Assignments\T3 - REST API Primes\T3\primes-api\conf\Catalina\localhost\primes-api.xml]
09-Dec-2023 15:06:29.064 INFO [Catalina-utility-1] org.apache.catalina.startup.HostConfig.undeploy Undeploying context [/primes-api]
09-Dec-2023 15:06:29.067 WARNING [Catalina-utility-1] org.apache.catalina.loader.WebappClassLoaderBase.clearReferencesThreads The web application [primes-api] appears to have started a thread named [Thread-4] but has failed to stop it. This is very likely to create a memory leak. Stack trace of thread:
 java.base/sun.nio.ch.SocketDispatcher.read0(Native Method)
 java.base/sun.nio.ch.SocketDispatcher.read(SocketDispatcher.java:46)
 java.base/sun.nio.ch.NioSocketImpl.tryRead(NioSocketImpl.java:256)
 java.base/sun.nio.ch.NioSocketImpl.implRead(NioSocketImpl.java:307)
 java.base/sun.nio.ch.NioSocketImpl.read(NioSocketImpl.java:346)
 java.base/sun.nio.ch.NioSocketImpl$1.read(NioSocketImpl.java:796)
 java.base/java.net.Socket$SocketInputStream.read(Socket.java:1099)
 java.base/java.io.BufferedInputStream.fill(BufferedInputStream.java:291)
 java.base/java.io.BufferedInputStream.read1(BufferedInputStream.java:347)
 java.base/java.io.BufferedInputStream.implRead(BufferedInputStream.java:420)
 java.base/java.io.BufferedInputStream.read(BufferedInputStream.java:399)
 java.base/sun.net.www.http.HttpClient.parseHTTPHeader(HttpClient.java:827)
 java.base/sun.net.www.http.HttpClient.parseHTTP(HttpClient.java:759)
 java.base/sun.net.www.protocol.http.HttpURLConnection.getInputStream0(HttpURLConnection.java:1690)
 java.base/sun.net.www.protocol.http.HttpURLConnection.getInputStream(HttpURLConnection.java:1599)
 java.base/java.net.HttpURLConnection.getResponseCode(HttpURLConnection.java:531)
 org.glassfish.jersey.client.HttpUrlConnector._apply(HttpUrlConnector.java:321)
 org.glassfish.jersey.client.HttpUrlConnector.apply(HttpUrlConnector.java:227)
 org.glassfish.jersey.client.ClientRuntime.invoke(ClientRuntime.java:225)
 org.glassfish.jersey.client.JerseyInvocation$2.call(JerseyInvocation.java:671)
 org.glassfish.jersey.internal.Errors.process(Errors.java:315)
 org.glassfish.jersey.internal.Errors.process(Errors.java:297)
 org.glassfish.jersey.internal.Errors.process(Errors.java:228)
 org.glassfish.jersey.process.internal.RequestScope.runInScope(RequestScope.java:423)
 org.glassfish.jersey.client.JerseyInvocation.invoke(JerseyInvocation.java:667)
 org.glassfish.jersey.client.JerseyInvocation$Builder.method(JerseyInvocation.java:396)
 org.glassfish.jersey.client.JerseyInvocation$Builder.get(JerseyInvocation.java:296)
 org.example.prime.SharingUnit.getListFromPort(SharingUnit.java:74)
 org.example.prime.SharingUnit.refresh(SharingUnit.java:58)
 org.example.prime.SharingUnit.lambda$startAutoRefresh$0(SharingUnit.java:42)
 java.base/java.lang.Thread.run(Thread.java:1583)
09-Dec-2023 15:06:29.074 SEVERE [Catalina-utility-1] org.apache.catalina.loader.WebappClassLoaderBase.checkThreadLocalMapForLeaks The web application [primes-api] created a ThreadLocal with key of type [java.lang.ThreadLocal] (value [java.lang.ThreadLocal@55f1a8e]) and a value of type [org.glassfish.jersey.process.internal.RequestScope.Instance] (value [Instance{id=b503cdf4-3f68-4c10-b015-6c6a1f664e85, referenceCounter=1, store size=1}]) but failed to remove it when the web application was stopped. Threads are going to be renewed over time to try and avoid a probable memory leak.
09-Dec-2023 15:06:29.074 SEVERE [Catalina-utility-1] org.apache.catalina.loader.WebappClassLoaderBase.checkThreadLocalMapForLeaks The web application [primes-api] created a ThreadLocal with key of type [java.lang.ThreadLocal] (value [java.lang.ThreadLocal@2c39b255]) and a value of type [org.glassfish.jersey.internal.Errors] (value [org.glassfish.jersey.internal.Errors@5dbfd1f4]) but failed to remove it when the web application was stopped. Threads are going to be renewed over time to try and avoid a probable memory leak.
09-Dec-2023 15:06:29.079 INFO [Catalina-utility-1] org.apache.catalina.startup.HostConfig.deployDescriptor Deploying deployment descriptor [D:\University\3rd_year\1st_term\Distributed System Programming\Project Assignments\T3 - REST API Primes\T3\primes-api\conf\Catalina\localhost\primes-api.xml]
09-Dec-2023 15:06:29.217 INFO [main] org.apache.jasper.servlet.TldScanner.scanJars At least one JAR was scanned for TLDs yet contained no TLDs. Enable debug logging for this logger for a complete list of JARs that were scanned but no TLDs were found in them. Skipping unneeded JARs during scanning can improve startup time and JSP compilation time.
09-Dec-2023 15:06:29.814 INFO [main] org.glassfish.jersey.server.ApplicationHandler.initialize Initiating Jersey application, version Jersey: 2.6 2014-02-18 21:52:53...
09-Dec-2023 15:06:30.139 INFO [main] org.apache.catalina.startup.HostConfig.deployDescriptor Deployment of deployment descriptor [D:\University\3rd_year\1st_term\Distributed System Programming\Project Assignments\T3 - REST API Primes\T3\primes-api\conf\Catalina\localhost\primes-api.xml] has finished in [2,643] ms
09-Dec-2023 15:06:30.143 INFO [main] org.apache.coyote.AbstractProtocol.start Starting ProtocolHandler ["http-nio-8082"]
09-Dec-2023 15:06:30.160 INFO [main] org.apache.catalina.startup.Catalina.start Server startup in [2730] milliseconds
09-Dec-2023 15:06:30.244 INFO [Thread-1] org.apache.catalina.loader.WebappClassLoaderBase.checkStateForResourceLoading Illegal access: this web application instance has been stopped already. Could not load [org.glassfish.jersey.client.ClientResponse]. The following stack trace is thrown for debugging purposes as well as to attempt to terminate the thread which caused the illegal access.
	java.lang.IllegalStateException: Illegal access: this web application instance has been stopped already. Could not load [org.glassfish.jersey.client.ClientResponse]. The following stack trace is thrown for debugging purposes as well as to attempt to terminate the thread which caused the illegal access.
		at org.apache.catalina.loader.WebappClassLoaderBase.checkStateForResourceLoading(WebappClassLoaderBase.java:1349)
		at org.apache.catalina.loader.WebappClassLoaderBase.checkStateForClassLoading(WebappClassLoaderBase.java:1337)
		at org.apache.catalina.loader.WebappClassLoaderBase.loadClass(WebappClassLoaderBase.java:1174)
		at org.apache.catalina.loader.WebappClassLoaderBase.loadClass(WebappClassLoaderBase.java:1141)
		at org.glassfish.jersey.client.HttpUrlConnector._apply(HttpUrlConnector.java:332)
		at org.glassfish.jersey.client.HttpUrlConnector.apply(HttpUrlConnector.java:227)
		at org.glassfish.jersey.client.ClientRuntime.invoke(ClientRuntime.java:225)
		at org.glassfish.jersey.client.JerseyInvocation$2.call(JerseyInvocation.java:671)
		at org.glassfish.jersey.internal.Errors.process(Errors.java:315)
		at org.glassfish.jersey.internal.Errors.process(Errors.java:297)
		at org.glassfish.jersey.internal.Errors.process(Errors.java:228)
		at org.glassfish.jersey.process.internal.RequestScope.runInScope(RequestScope.java:423)
		at org.glassfish.jersey.client.JerseyInvocation.invoke(JerseyInvocation.java:667)
		at org.glassfish.jersey.client.JerseyInvocation$Builder.method(JerseyInvocation.java:396)
		at org.glassfish.jersey.client.JerseyInvocation$Builder.get(JerseyInvocation.java:296)
		at org.example.prime.SharingUnit.getListFromPort(SharingUnit.java:74)
		at org.example.prime.SharingUnit.refresh(SharingUnit.java:58)
		at org.example.prime.SharingUnit.lambda$startAutoRefresh$0(SharingUnit.java:42)
		at java.base/java.lang.Thread.run(Thread.java:1583)
09-Dec-2023 15:06:30.244 INFO [Thread-4] org.apache.catalina.loader.WebappClassLoaderBase.checkStateForResourceLoading Illegal access: this web application instance has been stopped already. Could not load [org.glassfish.jersey.message.internal.Statuses]. The following stack trace is thrown for debugging purposes as well as to attempt to terminate the thread which caused the illegal access.
	java.lang.IllegalStateException: Illegal access: this web application instance has been stopped already. Could not load [org.glassfish.jersey.message.internal.Statuses]. The following stack trace is thrown for debugging purposes as well as to attempt to terminate the thread which caused the illegal access.
		at org.apache.catalina.loader.WebappClassLoaderBase.checkStateForResourceLoading(WebappClassLoaderBase.java:1349)
		at org.apache.catalina.loader.WebappClassLoaderBase.checkStateForClassLoading(WebappClassLoaderBase.java:1337)
		at org.apache.catalina.loader.WebappClassLoaderBase.loadClass(WebappClassLoaderBase.java:1174)
		at org.apache.catalina.loader.WebappClassLoaderBase.loadClass(WebappClassLoaderBase.java:1141)
		at org.glassfish.jersey.client.HttpUrlConnector._apply(HttpUrlConnector.java:323)
		at org.glassfish.jersey.client.HttpUrlConnector.apply(HttpUrlConnector.java:227)
		at org.glassfish.jersey.client.ClientRuntime.invoke(ClientRuntime.java:225)
		at org.glassfish.jersey.client.JerseyInvocation$2.call(JerseyInvocation.java:671)
		at org.glassfish.jersey.internal.Errors.process(Errors.java:315)
		at org.glassfish.jersey.internal.Errors.process(Errors.java:297)
		at org.glassfish.jersey.internal.Errors.process(Errors.java:228)
		at org.glassfish.jersey.process.internal.RequestScope.runInScope(RequestScope.java:423)
		at org.glassfish.jersey.client.JerseyInvocation.invoke(JerseyInvocation.java:667)
		at org.glassfish.jersey.client.JerseyInvocation$Builder.method(JerseyInvocation.java:396)
		at org.glassfish.jersey.client.JerseyInvocation$Builder.get(JerseyInvocation.java:296)
		at org.example.prime.SharingUnit.getListFromPort(SharingUnit.java:74)
		at org.example.prime.SharingUnit.refresh(SharingUnit.java:58)
		at org.example.prime.SharingUnit.lambda$startAutoRefresh$0(SharingUnit.java:42)
		at java.base/java.lang.Thread.run(Thread.java:1583)
09-Dec-2023 15:06:30.244 INFO [Thread-3] org.apache.catalina.loader.WebappClassLoaderBase.checkStateForResourceLoading Illegal access: this web application instance has been stopped already. Could not load [org.glassfish.jersey.client.ClientResponse]. The following stack trace is thrown for debugging purposes as well as to attempt to terminate the thread which caused the illegal access.
	java.lang.IllegalStateException: Illegal access: this web application instance has been stopped already. Could not load [org.glassfish.jersey.client.ClientResponse]. The following stack trace is thrown for debugging purposes as well as to attempt to terminate the thread which caused the illegal access.
		at org.apache.catalina.loader.WebappClassLoaderBase.checkStateForResourceLoading(WebappClassLoaderBase.java:1349)
		at org.apache.catalina.loader.WebappClassLoaderBase.checkStateForClassLoading(WebappClassLoaderBase.java:1337)
		at org.apache.catalina.loader.WebappClassLoaderBase.loadClass(WebappClassLoaderBase.java:1174)
		at org.apache.catalina.loader.WebappClassLoaderBase.loadClass(WebappClassLoaderBase.java:1141)
		at org.glassfish.jersey.client.HttpUrlConnector._apply(HttpUrlConnector.java:332)
		at org.glassfish.jersey.client.HttpUrlConnector.apply(HttpUrlConnector.java:227)
		at org.glassfish.jersey.client.ClientRuntime.invoke(ClientRuntime.java:225)
		at org.glassfish.jersey.client.JerseyInvocation$2.call(JerseyInvocation.java:671)
		at org.glassfish.jersey.internal.Errors.process(Errors.java:315)
		at org.glassfish.jersey.internal.Errors.process(Errors.java:297)
		at org.glassfish.jersey.internal.Errors.process(Errors.java:228)
		at org.glassfish.jersey.process.internal.RequestScope.runInScope(RequestScope.java:423)
		at org.glassfish.jersey.client.JerseyInvocation.invoke(JerseyInvocation.java:667)
		at org.glassfish.jersey.client.JerseyInvocation$Builder.method(JerseyInvocation.java:396)
		at org.glassfish.jersey.client.JerseyInvocation$Builder.get(JerseyInvocation.java:296)
		at org.example.prime.SharingUnit.getListFromPort(SharingUnit.java:74)
		at org.example.prime.SharingUnit.refresh(SharingUnit.java:58)
		at org.example.prime.SharingUnit.lambda$startAutoRefresh$0(SharingUnit.java:42)
		at java.base/java.lang.Thread.run(Thread.java:1583)
09-Dec-2023 15:06:30.483 INFO [Catalina-utility-1] org.apache.jasper.servlet.TldScanner.scanJars At least one JAR was scanned for TLDs yet contained no TLDs. Enable debug logging for this logger for a complete list of JARs that were scanned but no TLDs were found in them. Skipping unneeded JARs during scanning can improve startup time and JSP compilation time.
09-Dec-2023 15:06:30.844 INFO [Catalina-utility-1] org.glassfish.jersey.server.ApplicationHandler.initialize Initiating Jersey application, version Jersey: 2.6 2014-02-18 21:52:53...
09-Dec-2023 15:06:31.064 INFO [Catalina-utility-1] org.apache.catalina.startup.HostConfig.deployDescriptor Deployment of deployment descriptor [D:\University\3rd_year\1st_term\Distributed System Programming\Project Assignments\T3 - REST API Primes\T3\primes-api\conf\Catalina\localhost\primes-api.xml] has finished in [1,985] ms
09-Dec-2023 15:06:33.063 INFO [Thread-2] org.apache.coyote.AbstractProtocol.pause Pausing ProtocolHandler ["http-nio-8081"]
09-Dec-2023 15:06:33.066 INFO [Thread-2] org.apache.catalina.core.StandardService.stopInternal Stopping service [Catalina]
09-Dec-2023 15:06:33.068 WARNING [Thread-2] org.apache.catalina.loader.WebappClassLoaderBase.clearReferencesThreads The web application [primes-api] appears to have started a thread named [Thread-5] but has failed to stop it. This is very likely to create a memory leak. Stack trace of thread:
 java.base/java.lang.Thread.sleep0(Native Method)
 java.base/java.lang.Thread.sleep(Thread.java:509)
 org.example.prime.SharingUnit.lambda$startAutoRefresh$0(SharingUnit.java:44)
 java.base/java.lang.Thread.run(Thread.java:1583)
09-Dec-2023 15:06:33.069 INFO [Thread-2] org.apache.coyote.AbstractProtocol.stop Stopping ProtocolHandler ["http-nio-8081"]
09-Dec-2023 15:06:33.074 INFO [Thread-2] org.apache.coyote.AbstractProtocol.destroy Destroying ProtocolHandler ["http-nio-8081"]
09-Dec-2023 15:06:34.671 INFO [main] org.apache.catalina.startup.VersionLoggerListener.log Server version name:   Apache Tomcat/9.0.83
09-Dec-2023 15:06:34.673 INFO [main] org.apache.catalina.startup.VersionLoggerListener.log Server built:          Nov 9 2023 20:57:42 UTC
09-Dec-2023 15:06:34.674 INFO [main] org.apache.catalina.startup.VersionLoggerListener.log Server version number: 9.0.83.0
09-Dec-2023 15:06:34.674 INFO [main] org.apache.catalina.startup.VersionLoggerListener.log OS Name:               Windows 11
09-Dec-2023 15:06:34.674 INFO [main] org.apache.catalina.startup.VersionLoggerListener.log OS Version:            10.0
09-Dec-2023 15:06:34.674 INFO [main] org.apache.catalina.startup.VersionLoggerListener.log Architecture:          amd64
09-Dec-2023 15:06:34.674 INFO [main] org.apache.catalina.startup.VersionLoggerListener.log Java Home:             C:\Program Files\Java\jdk-21
09-Dec-2023 15:06:34.674 INFO [main] org.apache.catalina.startup.VersionLoggerListener.log JVM Version:           21.0.1+12-LTS-29
09-Dec-2023 15:06:34.674 INFO [main] org.apache.catalina.startup.VersionLoggerListener.log JVM Vendor:            Oracle Corporation
09-Dec-2023 15:06:34.674 INFO [main] org.apache.catalina.startup.VersionLoggerListener.log CATALINA_BASE:         D:\University\3rd_year\1st_term\Distributed System Programming\Project Assignments\T3 - REST API Primes\T3\primes-api
09-Dec-2023 15:06:34.674 INFO [main] org.apache.catalina.startup.VersionLoggerListener.log CATALINA_HOME:         D:\University\3rd_year\1st_term\Distributed System Programming\Project)))))\apache-tomcat-9.0.83-windows-x64\apache-tomcat-9.0.83
09-Dec-2023 15:06:34.683 INFO [main] org.apache.catalina.startup.VersionLoggerListener.log Command line argument: --add-opens=java.base/java.lang=ALL-UNNAMED
09-Dec-2023 15:06:34.683 INFO [main] org.apache.catalina.startup.VersionLoggerListener.log Command line argument: --add-opens=java.base/java.io=ALL-UNNAMED
09-Dec-2023 15:06:34.683 INFO [main] org.apache.catalina.startup.VersionLoggerListener.log Command line argument: --add-opens=java.base/java.util=ALL-UNNAMED
09-Dec-2023 15:06:34.683 INFO [main] org.apache.catalina.startup.VersionLoggerListener.log Command line argument: --add-opens=java.base/java.util.concurrent=ALL-UNNAMED
09-Dec-2023 15:06:34.684 INFO [main] org.apache.catalina.startup.VersionLoggerListener.log Command line argument: --add-opens=java.rmi/sun.rmi.transport=ALL-UNNAMED
09-Dec-2023 15:06:34.684 INFO [main] org.apache.catalina.startup.VersionLoggerListener.log Command line argument: -Dcatalina.home=D:\University\3rd_year\1st_term\Distributed System Programming\Project)))))\apache-tomcat-9.0.83-windows-x64\apache-tomcat-9.0.83
09-Dec-2023 15:06:34.684 INFO [main] org.apache.catalina.startup.VersionLoggerListener.log Command line argument: -Dcatalina.base=D:\University\3rd_year\1st_term\Distributed System Programming\Project Assignments\T3 - REST API Primes\T3\primes-api
09-Dec-2023 15:06:34.684 INFO [main] org.apache.catalina.startup.VersionLoggerListener.log Command line argument: -Djava.io.tmpdir=D:\University\3rd_year\1st_term\Distributed System Programming\Project Assignments\T3 - REST API Primes\T3\primes-api\temp
09-Dec-2023 15:06:34.684 INFO [main] org.apache.catalina.startup.VersionLoggerListener.log Command line argument: -Djava.util.logging.config.file=D:\University\3rd_year\1st_term\Distributed System Programming\Project Assignments\T3 - REST API Primes\T3\primes-api\conf\logging.properties
09-Dec-2023 15:06:34.684 INFO [main] org.apache.catalina.startup.VersionLoggerListener.log Command line argument: -Djava.util.logging.manager=org.apache.juli.ClassLoaderLogManager
09-Dec-2023 15:06:34.684 INFO [main] org.apache.catalina.startup.VersionLoggerListener.log Command line argument: -javaagent:C:\Program Files\JetBrains\IntelliJ IDEA 2023.2.5\lib\idea_rt.jar=54153:C:\Program Files\JetBrains\IntelliJ IDEA 2023.2.5\bin
09-Dec-2023 15:06:34.684 INFO [main] org.apache.catalina.startup.VersionLoggerListener.log Command line argument: -Dfile.encoding=UTF-8
09-Dec-2023 15:06:34.684 INFO [main] org.apache.catalina.startup.VersionLoggerListener.log Command line argument: -Dsun.stdout.encoding=UTF-8
09-Dec-2023 15:06:34.684 INFO [main] org.apache.catalina.startup.VersionLoggerListener.log Command line argument: -Dsun.stderr.encoding=UTF-8
09-Dec-2023 15:06:34.687 INFO [main] org.apache.catalina.core.AprLifecycleListener.lifecycleEvent Loaded Apache Tomcat Native library [1.2.39] using APR version [1.7.4].
09-Dec-2023 15:06:34.687 INFO [main] org.apache.catalina.core.AprLifecycleListener.lifecycleEvent APR capabilities: IPv6 [true], sendfile [true], accept filters [false], random [true], UDS [true].
09-Dec-2023 15:06:34.688 INFO [main] org.apache.catalina.core.AprLifecycleListener.lifecycleEvent APR/OpenSSL configuration: useAprConnector [false], useOpenSSL [true]
09-Dec-2023 15:06:34.693 INFO [main] org.apache.catalina.core.AprLifecycleListener.initializeSSL OpenSSL successfully initialized [OpenSSL 3.0.11 19 Sep 2023]
09-Dec-2023 15:06:35.080 INFO [main] org.apache.coyote.AbstractProtocol.init Initializing ProtocolHandler ["http-nio-8081"]
09-Dec-2023 15:06:35.100 INFO [main] org.apache.catalina.startup.Catalina.load Server initialization in [686] milliseconds
09-Dec-2023 15:06:35.146 INFO [main] org.apache.catalina.core.StandardService.startInternal Starting service [Catalina]
09-Dec-2023 15:06:35.147 INFO [main] org.apache.catalina.core.StandardEngine.startInternal Starting Servlet engine: [Apache Tomcat/9.0.83]
09-Dec-2023 15:06:35.156 INFO [main] org.apache.catalina.startup.HostConfig.deployDescriptor Deploying deployment descriptor [D:\University\3rd_year\1st_term\Distributed System Programming\Project Assignments\T3 - REST API Primes\T3\primes-api\conf\Catalina\localhost\primes-api.xml]
09-Dec-2023 15:06:36.786 INFO [main] org.apache.jasper.servlet.TldScanner.scanJars At least one JAR was scanned for TLDs yet contained no TLDs. Enable debug logging for this logger for a complete list of JARs that were scanned but no TLDs were found in them. Skipping unneeded JARs during scanning can improve startup time and JSP compilation time.
09-Dec-2023 15:06:37.232 INFO [main] org.glassfish.jersey.server.ApplicationHandler.initialize Initiating Jersey application, version Jersey: 2.6 2014-02-18 21:52:53...
09-Dec-2023 15:06:37.519 INFO [main] org.apache.catalina.startup.HostConfig.deployDescriptor Deployment of deployment descriptor [D:\University\3rd_year\1st_term\Distributed System Programming\Project Assignments\T3 - REST API Primes\T3\primes-api\conf\Catalina\localhost\primes-api.xml] has finished in [2,362] ms
09-Dec-2023 15:06:37.522 INFO [main] org.apache.coyote.AbstractProtocol.start Starting ProtocolHandler ["http-nio-8081"]
09-Dec-2023 15:06:37.537 INFO [main] org.apache.catalina.startup.Catalina.start Server startup in [2434] milliseconds
09-Dec-2023 15:06:40.153 INFO [Catalina-utility-2] org.apache.catalina.startup.HostConfig.undeploy Undeploying context [/primes-api]
09-Dec-2023 15:06:40.157 WARNING [Catalina-utility-2] org.apache.catalina.loader.WebappClassLoaderBase.clearReferencesThreads The web application [primes-api] appears to have started a thread named [Thread-1] but has failed to stop it. This is very likely to create a memory leak. Stack trace of thread:
 java.base/java.lang.Thread.sleep0(Native Method)
 java.base/java.lang.Thread.sleep(Thread.java:509)
 org.example.prime.SharingUnit.lambda$startAutoRefresh$0(SharingUnit.java:44)
 java.base/java.lang.Thread.run(Thread.java:1583)
09-Dec-2023 15:06:40.165 INFO [Catalina-utility-2] org.apache.catalina.startup.HostConfig.deployDescriptor Deploying deployment descriptor [D:\University\3rd_year\1st_term\Distributed System Programming\Project Assignments\T3 - REST API Primes\T3\primes-api\conf\Catalina\localhost\primes-api.xml]
09-Dec-2023 15:06:41.431 INFO [Catalina-utility-2] org.apache.jasper.servlet.TldScanner.scanJars At least one JAR was scanned for TLDs yet contained no TLDs. Enable debug logging for this logger for a complete list of JARs that were scanned but no TLDs were found in them. Skipping unneeded JARs during scanning can improve startup time and JSP compilation time.
09-Dec-2023 15:06:41.809 INFO [Catalina-utility-2] org.glassfish.jersey.server.ApplicationHandler.initialize Initiating Jersey application, version Jersey: 2.6 2014-02-18 21:52:53...
09-Dec-2023 15:06:42.030 INFO [Catalina-utility-2] org.apache.catalina.startup.HostConfig.deployDescriptor Deployment of deployment descriptor [D:\University\3rd_year\1st_term\Distributed System Programming\Project Assignments\T3 - REST API Primes\T3\primes-api\conf\Catalina\localhost\primes-api.xml] has finished in [1,866] ms
