10-Dec-2023 21:48:52.223 INFO [main] org.apache.catalina.startup.VersionLoggerListener.log Server version name:   Apache Tomcat/11.0.0-M14
10-Dec-2023 21:48:52.237 INFO [main] org.apache.catalina.startup.VersionLoggerListener.log Server built:          Nov 9 2023 18:45:08 UTC
10-Dec-2023 21:48:52.238 INFO [main] org.apache.catalina.startup.VersionLoggerListener.log Server version number: 11.0.0.0
10-Dec-2023 21:48:52.238 INFO [main] org.apache.catalina.startup.VersionLoggerListener.log OS Name:               Windows 11
10-Dec-2023 21:48:52.238 INFO [main] org.apache.catalina.startup.VersionLoggerListener.log OS Version:            10.0
10-Dec-2023 21:48:52.238 INFO [main] org.apache.catalina.startup.VersionLoggerListener.log Architecture:          amd64
10-Dec-2023 21:48:52.239 INFO [main] org.apache.catalina.startup.VersionLoggerListener.log Java Home:             C:\Program Files\Java\jdk-21
10-Dec-2023 21:48:52.239 INFO [main] org.apache.catalina.startup.VersionLoggerListener.log JVM Version:           21.0.1+12-LTS-29
10-Dec-2023 21:48:52.239 INFO [main] org.apache.catalina.startup.VersionLoggerListener.log JVM Vendor:            Oracle Corporation
10-Dec-2023 21:48:52.239 INFO [main] org.apache.catalina.startup.VersionLoggerListener.log CATALINA_BASE:         D:\University\3rd_year\1st_term\Distributed System Programming\Project Assignments\T3 - REST API Primes\T3\primes-api
10-Dec-2023 21:48:52.239 INFO [main] org.apache.catalina.startup.VersionLoggerListener.log CATALINA_HOME:         C:\Program Files\Apache Software Foundation\Tomcat 11.0
10-Dec-2023 21:48:52.259 INFO [main] org.apache.catalina.startup.VersionLoggerListener.log Command line argument: --add-opens=java.base/java.lang=ALL-UNNAMED
10-Dec-2023 21:48:52.259 INFO [main] org.apache.catalina.startup.VersionLoggerListener.log Command line argument: --add-opens=java.base/java.io=ALL-UNNAMED
10-Dec-2023 21:48:52.259 INFO [main] org.apache.catalina.startup.VersionLoggerListener.log Command line argument: --add-opens=java.base/java.util=ALL-UNNAMED
10-Dec-2023 21:48:52.259 INFO [main] org.apache.catalina.startup.VersionLoggerListener.log Command line argument: --add-opens=java.base/java.util.concurrent=ALL-UNNAMED
10-Dec-2023 21:48:52.259 INFO [main] org.apache.catalina.startup.VersionLoggerListener.log Command line argument: --add-opens=java.rmi/sun.rmi.transport=ALL-UNNAMED
10-Dec-2023 21:48:52.259 INFO [main] org.apache.catalina.startup.VersionLoggerListener.log Command line argument: -Dcatalina.home=C:\Program Files\Apache Software Foundation\Tomcat 11.0
10-Dec-2023 21:48:52.259 INFO [main] org.apache.catalina.startup.VersionLoggerListener.log Command line argument: -Dcatalina.base=D:\University\3rd_year\1st_term\Distributed System Programming\Project Assignments\T3 - REST API Primes\T3\primes-api
10-Dec-2023 21:48:52.259 INFO [main] org.apache.catalina.startup.VersionLoggerListener.log Command line argument: -Djava.io.tmpdir=D:\University\3rd_year\1st_term\Distributed System Programming\Project Assignments\T3 - REST API Primes\T3\primes-api\temp
10-Dec-2023 21:48:52.260 INFO [main] org.apache.catalina.startup.VersionLoggerListener.log Command line argument: -Djava.util.logging.config.file=D:\University\3rd_year\1st_term\Distributed System Programming\Project Assignments\T3 - REST API Primes\T3\primes-api\conf\logging.properties
10-Dec-2023 21:48:52.260 INFO [main] org.apache.catalina.startup.VersionLoggerListener.log Command line argument: -Djava.util.logging.manager=org.apache.juli.ClassLoaderLogManager
10-Dec-2023 21:48:52.261 INFO [main] org.apache.catalina.startup.VersionLoggerListener.log Command line argument: -javaagent:C:\Program Files\JetBrains\IntelliJ IDEA 2023.2.5\lib\idea_rt.jar=57766:C:\Program Files\JetBrains\IntelliJ IDEA 2023.2.5\bin
10-Dec-2023 21:48:52.261 INFO [main] org.apache.catalina.startup.VersionLoggerListener.log Command line argument: -Dfile.encoding=UTF-8
10-Dec-2023 21:48:52.261 INFO [main] org.apache.catalina.startup.VersionLoggerListener.log Command line argument: -Dsun.stdout.encoding=UTF-8
10-Dec-2023 21:48:52.261 INFO [main] org.apache.catalina.startup.VersionLoggerListener.log Command line argument: -Dsun.stderr.encoding=UTF-8
10-Dec-2023 21:48:52.273 INFO [main] org.apache.catalina.core.AprLifecycleListener.lifecycleEvent The Apache Tomcat Native library which allows using OpenSSL was not found on the java.library.path: [C:\Program Files\Java\jdk-21\bin;C:\WINDOWS\Sun\Java\bin;C:\WINDOWS\system32;C:\WINDOWS;C:\Windows\system32;C:\Windows;C:\Windows\System32\Wbem;C:\Windows\System32\WindowsPowerShell\v1.0\;C:\Windows\System32\OpenSSH\;C:\Program Files (x86)\NVIDIA Corporation\PhysX\Common;C:\Program Files\NVIDIA Corporation\NVIDIA NvDLISR;C:\WINDOWS\system32;C:\WINDOWS;C:\WINDOWS\System32\Wbem;C:\WINDOWS\System32\WindowsPowerShell\v1.0\;C:\WINDOWS\System32\OpenSSH\;C:\Program Files\Microsoft SQL Server\150\Tools\Binn\;C:\Program Files\Git\cmd;C:\Program Files\Java\jdk-21\bin;%MAVEN_HOME%\bin;C:\Users\sarao\AppData\Local\Programs\Python\Python312\Scripts\;C:\Users\sarao\AppData\Local\Programs\Python\Python312\;C:\Users\sarao\AppData\Local\Microsoft\WindowsApps;C:\Users\sarao\AppData\Local\Programs\Microsoft VS Code\bin;C:\Program Files\Java\jdk-21\bin;C:\Program Files\Git\bin;C:\Program Files\Maven\apache-maven-3.9.6\bin;;.]
10-Dec-2023 21:48:53.130 INFO [main] org.apache.coyote.AbstractProtocol.init Initializing ProtocolHandler ["http-nio-8082"]
10-Dec-2023 21:48:53.182 INFO [main] org.apache.catalina.startup.Catalina.load Server initialization in [1653] milliseconds
10-Dec-2023 21:48:53.300 INFO [main] org.apache.catalina.core.StandardService.startInternal Starting service [Catalina]
10-Dec-2023 21:48:53.300 INFO [main] org.apache.catalina.core.StandardEngine.startInternal Starting Servlet engine: [Apache Tomcat/11.0.0-M14]
10-Dec-2023 21:48:53.322 INFO [main] org.apache.catalina.startup.HostConfig.deployDescriptor Deploying deployment descriptor [D:\University\3rd_year\1st_term\Distributed System Programming\Project Assignments\T3 - REST API Primes\T3\primes-api\conf\Catalina\localhost\primes-api.xml]
10-Dec-2023 21:48:58.277 INFO [main] org.apache.jasper.servlet.TldScanner.scanJars At least one JAR was scanned for TLDs yet contained no TLDs. Enable debug logging for this logger for a complete list of JARs that were scanned but no TLDs were found in them. Skipping unneeded JARs during scanning can improve startup time and JSP compilation time.
10-Dec-2023 21:48:58.311 SEVERE [main] org.apache.catalina.core.StandardContext.startInternal One or more listeners failed to start. Full details will be found in the appropriate container log file
10-Dec-2023 21:48:58.321 SEVERE [main] org.apache.catalina.core.StandardContext.startInternal Context [/primes-api] startup failed due to previous errors
10-Dec-2023 21:48:58.345 INFO [main] org.apache.catalina.startup.HostConfig.deployDescriptor Deployment of deployment descriptor [D:\University\3rd_year\1st_term\Distributed System Programming\Project Assignments\T3 - REST API Primes\T3\primes-api\conf\Catalina\localhost\primes-api.xml] has finished in [5,020] ms
10-Dec-2023 21:48:58.354 INFO [main] org.apache.coyote.AbstractProtocol.start Starting ProtocolHandler ["http-nio-8082"]
10-Dec-2023 21:48:58.397 INFO [main] org.apache.catalina.startup.Catalina.start Server startup in [5213] milliseconds
10-Dec-2023 21:50:40.899 INFO [Thread-1] org.apache.coyote.AbstractProtocol.pause Pausing ProtocolHandler ["http-nio-8082"]
10-Dec-2023 21:50:40.904 INFO [Thread-1] org.apache.catalina.core.StandardService.stopInternal Stopping service [Catalina]
10-Dec-2023 21:50:40.906 INFO [Thread-1] org.apache.coyote.AbstractProtocol.stop Stopping ProtocolHandler ["http-nio-8082"]
10-Dec-2023 21:50:40.911 INFO [Thread-1] org.apache.coyote.AbstractProtocol.destroy Destroying ProtocolHandler ["http-nio-8082"]
